<?xml version="1.0" encoding="UTF-8"?>
<!-- Generated by org.testng.reporters.JUnitReportReporter -->
<testsuite hostname="RCBAN0197" failures="0" tests="1" name="NewTest" time="0.005" errors="0" timestamp="2021-02-14T23:17:06 IST" skipped="0">
  <testcase classname="NewTest" name="f" time="0.005"/>
  <system-out/>
</testsuite> <!-- NewTest -->
