<?xml version="1.0" encoding="UTF-8"?>
<!-- Generated by org.testng.reporters.JUnitReportReporter -->
<testsuite hostname="RCBAN0197" failures="0" tests="1" name="CucumberOptions.TestRunner" time="20.815" errors="0" timestamp="2021-02-15T13:25:40 IST" skipped="0">
  <testcase classname="CucumberOptions.TestRunner" name="runScenario" time="20.815"/>
  <system-out/>
</testsuite> <!-- CucumberOptions.TestRunner -->
