<?xml version="1.0" encoding="UTF-8"?>
<!-- Generated by org.testng.reporters.JUnitReportReporter -->
<testsuite hostname="RCBAN0197" failures="0" tests="1" name="CucumberOptions.TestRunner" time="20.847" errors="0" timestamp="2021-02-22T21:46:59 IST" skipped="0">
  <testcase classname="CucumberOptions.TestRunner" name="runScenario" time="20.847"/>
  <system-out/>
</testsuite> <!-- CucumberOptions.TestRunner -->
