<?xml version="1.0" encoding="UTF-8"?>
<!-- Generated by org.testng.reporters.JUnitReportReporter -->
<testsuite skipped="0" hostname="RCBAN0197" name="CucumberOptions.TestRunner" tests="1" failures="0" timestamp="2021-02-16T19:08:53 IST" time="21.568" errors="0">
  <testcase name="runScenario" time="21.568" classname="CucumberOptions.TestRunner"/>
  <system-out/>
</testsuite> <!-- CucumberOptions.TestRunner -->
